
ff: parsing domain file
domain 'ROBOTICS' defined
 ... done.
ff: parsing problem file
problem 'ROBOTICS1' defined
 ... done.


no metric specified. plan length assumed.

checking for cyclic := effects --- OK.

ff: search configuration is EHC, if that fails then  best-first on 1*g(s) + 5*h(s) where
    metric is  plan length

Cueing down from goal distance:   12 into depth [1]
                                  11            [1]
                                  10            [1]
                                   9            [1]
                                   8            [1]
                                   7            [1]
                                   6            [1]
                                   5            [1]
                                   4            [1]
                                   3            [1]
                                   2            [1]
                                   1            [1]
                                   0            

ff: found legal plan as follows

step    0: MOVETO ROBOTINITLOC GP_OBJ1
        1: GRASP OBJ1 LOC1 GP_OBJ1
        2: MOVETO GP_OBJ1 BLF_LOC1F
        3: PUTDOWN OBJ1 LOC1F BLF_LOC1F
        4: MOVETO BLF_LOC1F GP_OBJ2
        5: GRASP OBJ2 LOC2 GP_OBJ2
        6: MOVETO GP_OBJ2 BLF_LOC2F
        7: PUTDOWN OBJ2 LOC2F BLF_LOC2F
        8: MOVETO BLF_LOC2F GP_OBJ3
        9: GRASP OBJ3 LOC3 GP_OBJ3
       10: MOVETO GP_OBJ3 BLF_LOC3F
       11: PUTDOWN OBJ3 LOC3F BLF_LOC3F
     

time spent:    0.00 seconds instantiating 322 easy, 0 hard action templates
               0.00 seconds reachability analysis, yielding 56 facts and 292 actions
               0.00 seconds creating final representation with 40 relevant facts, 0 relevant fluents
               0.00 seconds computing LNF
               0.00 seconds building connectivity graph
               0.00 seconds searching, evaluating 19 states, to a max depth of 1
               0.00 seconds total time

